Removed Member From Class: ClassName=Sheet1 Member=P?
Change Component Footprint: Designator=P2 Old Footprint=HDR/Terminal/2 New Footprint=HDR1X2
Change Component Footprint: Designator=P1 Old Footprint=HDR/Terminal/6 New Footprint=HDR1X6
Change Component Footprint: Designator=P3 Old Footprint=HDR/Terminal/6 New Footprint=HDR1X7
Change Component Comment : Designator=P3 Old Comment=Header 6 New Comment=Header 7
Change Component Designator: OldDesignator=U? NewDesignator=U1
Change component parameters: Designator = "P1" ("P1"); Footprint = "HDR/Terminal/6"; UniqueID = "\UPRYYEGR" ("\UPRYYEGR")
Change component parameters (AddParameter): Name = "LatestRevisionDate"; Value = "17-Jul-2002"; VariantName = "[No Variations]"
Change component parameters (AddParameter): Name = "LatestRevisionNote"; Value = "Re-released for DXP Platform."; VariantName = "[No Variations]"
Change component parameters (AddParameter): Name = "Publisher"; Value = "Altium Limited"; VariantName = "[No Variations]"
Change component parameters: Designator = "P2" ("P2"); Footprint = "HDR/Terminal/2"; UniqueID = "\AONUTEEI" ("\AONUTEEI")
Change component parameters (AddParameter): Name = "LatestRevisionDate"; Value = "17-Jul-2002"; VariantName = "[No Variations]"
Change component parameters (AddParameter): Name = "LatestRevisionNote"; Value = "Re-released for DXP Platform."; VariantName = "[No Variations]"
Change component parameters (AddParameter): Name = "Publisher"; Value = "Altium Limited"; VariantName = "[No Variations]"
Change component parameters: Designator = "P3" ("P3"); Footprint = "HDR/Terminal/6"; UniqueID = "\WRDLEXJP" ("\WRDLEXJP")
Change component parameters (AddParameter): Name = "LatestRevisionDate"; Value = "17-Jul-2002"; VariantName = "[No Variations]"
Change component parameters (AddParameter): Name = "LatestRevisionNote"; Value = "Re-released for DXP Platform."; VariantName = "[No Variations]"
Change component parameters (AddParameter): Name = "Publisher"; Value = "Altium Limited"; VariantName = "[No Variations]"
Added Component: Designator=P4(HDR1X6)
Add component (AddParameter): Name = "LatestRevisionDate"; Value = "17-Jul-2002"; VariantName = "[No Variations]"
Add component (AddParameter): Name = "LatestRevisionNote"; Value = "Re-released for DXP Platform."; VariantName = "[No Variations]"
Add component (AddParameter): Name = "Publisher"; Value = "Altium Limited"; VariantName = "[No Variations]"
Added Member To Class: ClassName=Sheet1 Member=Component P4 Header 6
Added Room: Name=Sheet1
